UpdateCTestConfiguration  from :/Users/irfan/Documents/CSC232/scripts/lab02-zbilledo/cmake-build-debug/DartConfiguration.tcl
Parse Config file:/Users/irfan/Documents/CSC232/scripts/lab02-zbilledo/cmake-build-debug/DartConfiguration.tcl
UpdateCTestConfiguration  from :/Users/irfan/Documents/CSC232/scripts/lab02-zbilledo/cmake-build-debug/DartConfiguration.tcl
Parse Config file:/Users/irfan/Documents/CSC232/scripts/lab02-zbilledo/cmake-build-debug/DartConfiguration.tcl
Test project /Users/irfan/Documents/CSC232/scripts/lab02-zbilledo/cmake-build-debug
Constructing a list of tests
Done constructing a list of tests
Updating test list for fixtures
Added 0 tests to meet fixture requirements
Checking test dependency graph...
Checking test dependency graph end
test 1
    Start 1: Scenario: Evaluate Code for Task 1

1: Test command: /Users/irfan/Documents/CSC232/scripts/lab02-zbilledo/cmake-build-debug/tests "Scenario: Evaluate Code for Task 1"
1: Working Directory: /Users/irfan/Documents/CSC232/scripts/lab02-zbilledo/cmake-build-debug
1: Test timeout computed to be: 1500
1: Filters: "Scenario: Evaluate Code for Task 1"
1: Randomness seeded to: 1511081737
1: ===============================================================================
1: All tests passed (1 assertion in 1 test case)
1: 
1/3 Test #1: Scenario: Evaluate Code for Task 1 ...   Passed    0.00 sec
test 2
    Start 2: Scenario: Evaluate Code for Task 2

2: Test command: /Users/irfan/Documents/CSC232/scripts/lab02-zbilledo/cmake-build-debug/tests "Scenario: Evaluate Code for Task 2"
2: Working Directory: /Users/irfan/Documents/CSC232/scripts/lab02-zbilledo/cmake-build-debug
2: Test timeout computed to be: 1500
2: Filters: "Scenario: Evaluate Code for Task 2"
2: Randomness seeded to: 2856397103
2: ===============================================================================
2: All tests passed (2 assertions in 1 test case)
2: 
2/3 Test #2: Scenario: Evaluate Code for Task 2 ...   Passed    0.00 sec
test 3
    Start 3: Scenario: Evaluate Code for Task 3

3: Test command: /Users/irfan/Documents/CSC232/scripts/lab02-zbilledo/cmake-build-debug/tests "Scenario: Evaluate Code for Task 3"
3: Working Directory: /Users/irfan/Documents/CSC232/scripts/lab02-zbilledo/cmake-build-debug
3: Test timeout computed to be: 1500
3: Filters: "Scenario: Evaluate Code for Task 3"
3: Randomness seeded to: 3858969243
3: ===============================================================================
3: All tests passed (2 assertions in 1 test case)
3: 
3/3 Test #3: Scenario: Evaluate Code for Task 3 ...   Passed    0.00 sec

100% tests passed, 0 tests failed out of 3

Total Test time (real) =   0.01 sec
